<?xml version="1.0" encoding="UTF-8"?>
<!-- Generated by org.testng.reporters.JUnitReportReporter -->
<testsuite hostname="DESKTOP-HDU24JP" failures="0" tests="4" name="test.AmazonHomePageTest" time="29.687" errors="0" timestamp="2022-02-16T01:40:32 IST" skipped="0">
  <testcase classname="test.AmazonHomePageTest" name="toVerifyTodaysDealTab" time="7.153"/>
  <system-out/>
  <testcase classname="test.AmazonHomePageTest" name="toVerifyTodaysDealTab" time="6.797"/>
  <system-out/>
  <testcase classname="test.AmazonHomePageTest" name="toVerifyHomeAndKitchenTab" time="7.884"/>
  <system-out/>
  <testcase classname="test.AmazonHomePageTest" name="toVerifyHomeAndKitchenTab" time="7.853"/>
  <system-out/>
</testsuite> <!-- test.AmazonHomePageTest -->
